<?xml version="1.0" encoding="UTF-8"?>
<testsuite xmlns:xsi="http://www.w3.org/2001/XMLSchema-instance" xsi:noNamespaceSchemaLocation="https://maven.apache.org/surefire/maven-surefire-plugin/xsd/surefire-test-report-3.0.xsd" version="3.0" name="mycompany.MultiplicationTest" time="0.114" tests="2" errors="0" skipped="0" failures="0">
  <properties>
[...]
</properties>
  <testcase name="testMultiplyPositive" classname="mycompany.MultiplicationTest" time="0.053"/>
  <testcase name="testMultiplyNegative" classname="mycompany.MultiplicationTest" time="0.0"/>
</testsuite>